<?xml version="1.0" encoding="UTF-8"?>
<!-- Generated by org.testng.reporters.JUnitReportReporter -->
<testsuite hostname="BLRCND50004561" failures="0" tests="1" name="assignment1.facebookPost" time="21.224" errors="0" timestamp="2021-11-17T21:49:54 IST" skipped="0">
  <testcase classname="assignment1.facebookPost" name="loginandPost" time="21.224"/>
  <system-out/>
</testsuite> <!-- assignment1.facebookPost -->
